<?xml version="1.0" encoding="UTF-8"?>
<!-- Generated by org.testng.reporters.JUnitReportReporter -->
<testsuite hostname="GD66T92QCP.local" failures="0" tests="1" name="testing.leetCode" time="53.448" errors="0" timestamp="2024-08-09T16:26:51 IST" skipped="0">
  <testcase classname="testing.leetCode" name="login" time="53.448"/>
  <system-out/>
</testsuite> <!-- testing.leetCode -->
