<?xml version="1.0" encoding="UTF-8"?>
<!-- Generated by org.testng.reporters.JUnitReportReporter -->
<testsuite hostname="GD66T92QCP.local" failures="0" tests="1" name="testing.tets" time="42.832" errors="0" timestamp="2024-08-09T15:43:46 IST" skipped="0">
  <testcase classname="testing.tets" name="Sample" time="42.832"/>
  <system-out/>
</testsuite> <!-- testing.tets -->
