<?xml version="1.0" encoding="UTF-8"?>
<!-- Generated by org.testng.reporters.JUnitReportReporter -->
<testsuite hostname="GD66T92QCP.local" failures="0" tests="1" name="Prepladder.encrypted" time="1.922" errors="0" timestamp="2024-07-26T17:48:28 IST" skipped="0">
  <testcase classname="Prepladder.encrypted" name="abc" time="1.922"/>
  <system-out/>
</testsuite> <!-- Prepladder.encrypted -->
