<?xml version="1.0" encoding="UTF-8"?>
<!-- Generated by org.testng.reporters.JUnitReportReporter -->
<testsuite hostname="GD66T92QCP.local" failures="0" tests="3" name="DynamicJson" time="3.661" errors="0" timestamp="2024-05-27T16:45:47 IST" skipped="0">
  <testcase classname="DynamicJson" name="addBook" time="2.819"/>
  <system-out/>
  <testcase classname="DynamicJson" name="addBook" time="0.406"/>
  <system-out/>
  <testcase classname="DynamicJson" name="addBook" time="0.436"/>
  <system-out/>
</testsuite> <!-- DynamicJson -->
