<?xml version="1.0" encoding="UTF-8"?>
<!-- Generated by org.testng.reporters.JUnitReportReporter -->
<testsuite hostname="GD66T92QCP.local" failures="0" tests="1" name="Prepladder.plans" time="4.080" errors="0" timestamp="2024-07-17T16:09:21 IST" skipped="0">
  <testcase classname="Prepladder.plans" name="pgFreePlan" time="4.080"/>
  <system-out/>
</testsuite> <!-- Prepladder.plans -->
